<?xml version="1.0" encoding="UTF-8"?>
<!-- Generated by org.testng.reporters.JUnitReportReporter -->
<testsuite hostname="LAPTOP-FTHAVO9K" failures="0" tests="1" name="com.qa.tests.LoginTest" time="1.756" errors="0" timestamp="24 May 2022 11:56:09 GMT">
  <testcase classname="com.qa.tests.LoginTest" name="loginTest" time="1.756"/>
</testsuite> <!-- com.qa.tests.LoginTest -->
